[2023-08-07 05:32:29] [1] [WARN] Reporting disabled: using no op test run registrar
[2023-08-07 05:32:29] [1] [INFO] TEST [automation-course - checkoutTest] STARTED at [01:32:29 2023-08-07]
[2023-08-07 05:32:29] [1] [INFO] Starting driver session...
[2023-08-07 05:32:30] [1] [ERROR] Failed to attach artifact reference 'app' to test run because it has not been started yet.
[2023-08-07 05:32:43] [1] [INFO] Driver session started.
[2023-08-07 05:32:45] [1] [ERROR] TEST [automation-course - checkoutTest] FAILED at [01:32:45 2023-08-07] - {"value":{"error":"unknown method","message":"Method has not yet been implemented","stacktrace":"NotYetImplementedError: Method has not yet been implemented\n    at AndroidUiautomator2Driver.executeCommand (C:\\Users\\Patar\\AppData\\Roaming\\npm\\node_modules\\appium\\node_modules\\@appium\\base-driver\\lib\\basedriver\\driver.ts:101:13)\n    at runMicrotasks (<anonymous>)\n    at processTicksAndRejections (node:internal/process/task_queues:96:5)\n    at defaultBehavior (C:\\Users\\Patar\\AppData\\Roaming\\npm\\node_modules\\appium\\lib\\appium.js:684:14)\n    at AppiumDriver.executeWrappedCommand (C:\\Users\\Patar\\AppData\\Roaming\\npm\\node_modules\\appium\\lib\\appium.js:774:16)\n    at AppiumDriver.executeCommand (C:\\Users\\Patar\\AppData\\Roaming\\npm\\node_modules\\appium\\lib\\appium.js:696:17)\n    at asyncHandler (C:\\Users\\Patar\\AppData\\Roaming\\npm\\node_modules\\appium\\node_modules\\@appium\\base-driver\\lib\\protocol\\protocol.js:393:19)"}}
Command duration or timeout: 15 milliseconds
Build info: version: '4.7.0', revision: '0a5b49d16f'
System info: os.name: 'Windows 10', os.arch: 'amd64', os.version: '10.0', java.version: '14.0.2'
Driver info: io.appium.java_client.android.AndroidDriver
Command: [ba651cb8-6665-4e3c-9d83-ddb4565ecb5d, getCurrentUrl {}]
Capabilities {appium:app: P:/IDEA/automation-course/s..., appium:appActivity: com.swaglabsmobileapp.MainA..., appium:appPackage: com.swaglabsmobileapp, appium:automationName: uiautomator2, appium:databaseEnabled: false, appium:desired: {app: P:/IDEA/automation-course/s..., appActivity: com.swaglabsmobileapp.MainA..., appPackage: com.swaglabsmobileapp, automationName: uiautomator2, deviceName: testphone, deviceType: phone, language: en, locale: US, platformName: android, udid: emulator-5554}, appium:deviceApiLevel: 30, appium:deviceManufacturer: unknown, appium:deviceModel: Android SDK built for x86, appium:deviceName: emulator-5554, appium:deviceScreenDensity: 560, appium:deviceScreenSize: 1440x3040, appium:deviceType: phone, appium:deviceUDID: emulator-5554, appium:javascriptEnabled: true, appium:language: en, appium:locale: US, appium:locationContextEnabled: false, appium:networkConnectionEnabled: true, appium:pixelRatio: 3.5, appium:platformVersion: 11, appium:statBarHeight: 172, appium:takesScreenshot: true, appium:udid: emulator-5554, appium:viewportRect: {height: 2529, left: 0, top: 172, width: 1440}, appium:warnings: {}, appium:webStorageEnabled: false, platformName: ANDROID}
Session ID: ba651cb8-6665-4e3c-9d83-ddb4565ecb5d

java.base/jdk.internal.reflect.NativeConstructorAccessorImpl.newInstance0(Native Method)
java.base/jdk.internal.reflect.NativeConstructorAccessorImpl.newInstance(NativeConstructorAccessorImpl.java:62)
java.base/jdk.internal.reflect.DelegatingConstructorAccessorImpl.newInstance(DelegatingConstructorAccessorImpl.java:45)
java.base/java.lang.reflect.Constructor.newInstanceWithCaller(Constructor.java:500)
java.base/java.lang.reflect.Constructor.newInstance(Constructor.java:481)
org.openqa.selenium.remote.ErrorHandler.createThrowable(ErrorHandler.java:217)
org.openqa.selenium.remote.ErrorHandler.throwIfResponseFailed(ErrorHandler.java:169)
org.openqa.selenium.remote.RemoteWebDriver.execute(RemoteWebDriver.java:576)
org.openqa.selenium.remote.RemoteWebDriver.execute(RemoteWebDriver.java:596)
io.appium.java_client.AppiumDriver.execute(AppiumDriver.java:272)
org.openqa.selenium.remote.RemoteWebDriver.getCurrentUrl$original$sJyHcZp8(RemoteWebDriver.java:322)
org.openqa.selenium.remote.RemoteWebDriver.getCurrentUrl$original$sJyHcZp8$accessor$aH4rZo69(RemoteWebDriver.java)
org.openqa.selenium.remote.RemoteWebDriver$auxiliary$sO9ioRl7.call(Unknown Source)
com.zebrunner.agent.core.webdriver.PublicMethodInvocationInterceptor.onPublicMethodInvocation(PublicMethodInvocationInterceptor.java:18)
org.openqa.selenium.remote.RemoteWebDriver.getCurrentUrl(RemoteWebDriver.java)
java.base/jdk.internal.reflect.NativeMethodAccessorImpl.invoke0(Native Method)
java.base/jdk.internal.reflect.NativeMethodAccessorImpl.invoke(NativeMethodAccessorImpl.java:62)
java.base/jdk.internal.reflect.DelegatingMethodAccessorImpl.invoke(DelegatingMethodAccessorImpl.java:43)
java.base/java.lang.reflect.Method.invoke(Method.java:564)
org.openqa.selenium.support.decorators.WebDriverDecorator.call(WebDriverDecorator.java:247)
org.openqa.selenium.support.decorators.DefaultDecorated.call(DefaultDecorated.java:48)
org.openqa.selenium.support.decorators.WebDriverDecorator.lambda$createProxy$0(WebDriverDecorator.java:309)
net.bytebuddy.renamed.java.lang.Object$ByteBuddy$FDNMuutc.getCurrentUrl(Unknown Source)
com.zebrunner.carina.webdriver.DriverHelper.isPageOpened(DriverHelper.java:1103)
com.zebrunner.carina.webdriver.gui.AbstractPage.isPageOpened(AbstractPage.java:83)
com.zebrunner.carina.webdriver.gui.AbstractPage.isPageOpened(AbstractPage.java:70)
com.solvd.qa.carina.mobile.MobileTest.checkoutTest(MobileTest.java:22)
java.base/jdk.internal.reflect.NativeMethodAccessorImpl.invoke0(Native Method)
java.base/jdk.internal.reflect.NativeMethodAccessorImpl.invoke(NativeMethodAccessorImpl.java:62)
java.base/jdk.internal.reflect.DelegatingMethodAccessorImpl.invoke(DelegatingMethodAccessorImpl.java:43)
java.base/java.lang.reflect.Method.invoke(Method.java:564)
org.testng.internal.invokers.MethodInvocationHelper.invokeMethod(MethodInvocationHelper.java:139)
org.testng.internal.invokers.TestInvoker.invokeMethod(TestInvoker.java:677)
org.testng.internal.invokers.TestInvoker.invokeTestMethod(TestInvoker.java:221)
org.testng.internal.invokers.MethodRunner.runInSequence(MethodRunner.java:50)
org.testng.internal.invokers.TestInvoker$MethodInvocationAgent.invoke(TestInvoker.java:969)
org.testng.internal.invokers.TestInvoker.invokeTestMethods(TestInvoker.java:194)
org.testng.internal.invokers.TestMethodWorker.invokeTestMethods(TestMethodWorker.java:148)
org.testng.internal.invokers.TestMethodWorker.run(TestMethodWorker.java:128)
java.base/java.util.ArrayList.forEach(ArrayList.java:1511)
org.testng.TestRunner.privateRun(TestRunner.java:829)
org.testng.TestRunner.run(TestRunner.java:602)
org.testng.SuiteRunner.runTest(SuiteRunner.java:437)
org.testng.SuiteRunner.runSequentially(SuiteRunner.java:431)
org.testng.SuiteRunner.privateRun(SuiteRunner.java:391)
org.testng.SuiteRunner.run(SuiteRunner.java:330)
org.testng.SuiteRunnerWorker.runSuite(SuiteRunnerWorker.java:52)
org.testng.SuiteRunnerWorker.run(SuiteRunnerWorker.java:95)
org.testng.TestNG.runSuitesSequentially(TestNG.java:1256)
org.testng.TestNG.runSuitesLocally(TestNG.java:1176)
org.testng.TestNG.runSuites(TestNG.java:1099)
org.testng.TestNG.run(TestNG.java:1067)
com.intellij.rt.testng.IDEARemoteTestNG.run(IDEARemoteTestNG.java:66)
com.intellij.rt.testng.RemoteTestNGStarter.main(RemoteTestNGStarter.java:105)
